<?xml version="1.0" encoding="UTF-8"?>
<!-- Generated by org.testng.reporters.JUnitReportReporter -->
<testsuite skipped="0" hostname="Arun-PC" name="testCasesPOM.TC001_CreateLead" tests="2" failures="0" timestamp="11 Aug 2018 11:32:24 GMT" time="100.442" errors="0">
  <testcase name="createLead" time="41.993" classname="testCasesPOM.TC001_CreateLead"/>
  <testcase name="createLead" time="58.449" classname="testCasesPOM.TC001_CreateLead"/>
</testsuite> <!-- testCasesPOM.TC001_CreateLead -->
