<?xml version="1.0" encoding="UTF-8"?>
<!-- Generated by org.testng.reporters.JUnitReportReporter -->
<testsuite skipped="1" hostname="Arun-PC" name="testCasesPOM.TC004_EditLead" tests="1" failures="0" timestamp="11 Aug 2018 11:27:48 GMT" time="0.000" errors="0">
  <testcase name="editLead" time="0.000" classname="testCasesPOM.TC004_EditLead">
    <skipped/>
  </testcase> <!-- editLead -->
</testsuite> <!-- testCasesPOM.TC004_EditLead -->
