<?xml version="1.0" encoding="UTF-8"?>
<!-- Generated by org.testng.reporters.JUnitReportReporter -->
<testsuite skipped="3" hostname="Arun-PC" name="testCasesPOM.TC002_CreateLeadNeg" tests="3" failures="0" timestamp="11 Aug 2018 11:27:48 GMT" time="0.000" errors="0">
  <testcase name="createLead" time="0.000" classname="testCasesPOM.TC002_CreateLeadNeg">
    <skipped/>
  </testcase> <!-- createLead -->
  <testcase name="createLead" time="0.000" classname="testCasesPOM.TC002_CreateLeadNeg">
    <skipped/>
  </testcase> <!-- createLead -->
  <testcase name="createLead" time="0.000" classname="testCasesPOM.TC002_CreateLeadNeg">
    <skipped/>
  </testcase> <!-- createLead -->
</testsuite> <!-- testCasesPOM.TC002_CreateLeadNeg -->
